2023-01-23 03:50:57 Error: [Exception] DateTime::__construct() [<a href='http://php.net/datetime.construct'>datetime.construct</a>]: It is not safe to rely on the system's timezone settings. You are *required* to use the date.timezone setting or the date_default_timezone_set() function. In case you used any of those methods and you are still getting this warning, you most likely misspelled the timezone identifier. We selected the timezone 'UTC' for now, but please set date.timezone to select your timezone.
Request URL: /
Stack Trace:
#0 /var/www/html/lib/Cake/Controller/Component/CookieComponent.php(411): DateTime->__construct()
#1 /var/www/html/lib/Cake/Controller/Component/CookieComponent.php(224): CookieComponent->_expire('1 day')
#2 /var/www/html/app/Controller/AppController.php(381): CookieComponent->write('license_invalid', 'shown', false, '1 day')
#3 /var/www/html/app/Controller/AppController.php(118): AppController->checkLicense()
#4 [internal function]: AppController->beforeFilter(Object(CakeEvent))
#5 /var/www/html/lib/Cake/Event/CakeEventManager.php(247): call_user_func(Array, Object(CakeEvent))
#6 /var/www/html/lib/Cake/Controller/Controller.php(674): CakeEventManager->dispatch(Object(CakeEvent))
#7 /var/www/html/lib/Cake/Routing/Dispatcher.php(182): Controller->startupProcess()
#8 /var/www/html/lib/Cake/Routing/Dispatcher.php(160): Dispatcher->_invoke(Object(PagesController), Object(CakeRequest), Object(CakeResponse))
#9 /var/www/html/app/webroot/index.php(97): Dispatcher->dispatch(Object(CakeRequest), Object(CakeResponse))
#10 {main}
2023-01-23 03:50:57 Error: [Exception] DateTime::__construct() [<a href='http://php.net/datetime.construct'>datetime.construct</a>]: It is not safe to rely on the system's timezone settings. You are *required* to use the date.timezone setting or the date_default_timezone_set() function. In case you used any of those methods and you are still getting this warning, you most likely misspelled the timezone identifier. We selected the timezone 'UTC' for now, but please set date.timezone to select your timezone.
Stack Trace:
#0 /var/www/html/lib/Cake/Network/CakeResponse.php(1057): DateTime->__construct('2023-01-23 03:4...')
#1 /var/www/html/lib/Cake/Network/CakeResponse.php(961): CakeResponse->_getUTCDate(1674445282)
#2 /var/www/html/lib/Cake/Routing/Filter/AssetDispatcher.php(62): CakeResponse->modified(1674445282)
#3 [internal function]: AssetDispatcher->beforeDispatch(Object(CakeEvent))
#4 /var/www/html/lib/Cake/Event/CakeEventManager.php(247): call_user_func(Array, Object(CakeEvent))
#5 /var/www/html/lib/Cake/Routing/Dispatcher.php(140): CakeEventManager->dispatch(Object(CakeEvent))
#6 /var/www/html/app/webroot/index.php(97): Dispatcher->dispatch(Object(CakeRequest), Object(CakeResponse))
#7 {main}
2023-01-23 03:50:57 Error: [Exception] DateTime::__construct() [<a href='http://php.net/datetime.construct'>datetime.construct</a>]: It is not safe to rely on the system's timezone settings. You are *required* to use the date.timezone setting or the date_default_timezone_set() function. In case you used any of those methods and you are still getting this warning, you most likely misspelled the timezone identifier. We selected the timezone 'UTC' for now, but please set date.timezone to select your timezone.
Stack Trace:
#0 /var/www/html/lib/Cake/Network/CakeResponse.php(1057): DateTime->__construct('2023-01-23 03:4...')
#1 /var/www/html/lib/Cake/Network/CakeResponse.php(961): CakeResponse->_getUTCDate(1674445282)
#2 /var/www/html/lib/Cake/Routing/Filter/AssetDispatcher.php(62): CakeResponse->modified(1674445282)
#3 [internal function]: AssetDispatcher->beforeDispatch(Object(CakeEvent))
#4 /var/www/html/lib/Cake/Event/CakeEventManager.php(247): call_user_func(Array, Object(CakeEvent))
#5 /var/www/html/lib/Cake/Routing/Dispatcher.php(140): CakeEventManager->dispatch(Object(CakeEvent))
#6 /var/www/html/app/webroot/index.php(97): Dispatcher->dispatch(Object(CakeRequest), Object(CakeResponse))
#7 {main}
2023-01-23 03:50:57 Error: [Exception] DateTime::__construct() [<a href='http://php.net/datetime.construct'>datetime.construct</a>]: It is not safe to rely on the system's timezone settings. You are *required* to use the date.timezone setting or the date_default_timezone_set() function. In case you used any of those methods and you are still getting this warning, you most likely misspelled the timezone identifier. We selected the timezone 'UTC' for now, but please set date.timezone to select your timezone.
Stack Trace:
#0 /var/www/html/lib/Cake/Network/CakeResponse.php(1057): DateTime->__construct('2023-01-23 03:4...')
#1 /var/www/html/lib/Cake/Network/CakeResponse.php(961): CakeResponse->_getUTCDate(1674445282)
#2 /var/www/html/lib/Cake/Routing/Filter/AssetDispatcher.php(62): CakeResponse->modified(1674445282)
#3 [internal function]: AssetDispatcher->beforeDispatch(Object(CakeEvent))
#4 /var/www/html/lib/Cake/Event/CakeEventManager.php(247): call_user_func(Array, Object(CakeEvent))
#5 /var/www/html/lib/Cake/Routing/Dispatcher.php(140): CakeEventManager->dispatch(Object(CakeEvent))
#6 /var/www/html/app/webroot/index.php(97): Dispatcher->dispatch(Object(CakeRequest), Object(CakeResponse))
#7 {main}
2023-01-23 03:50:57 Error: [Exception] DateTime::__construct() [<a href='http://php.net/datetime.construct'>datetime.construct</a>]: It is not safe to rely on the system's timezone settings. You are *required* to use the date.timezone setting or the date_default_timezone_set() function. In case you used any of those methods and you are still getting this warning, you most likely misspelled the timezone identifier. We selected the timezone 'UTC' for now, but please set date.timezone to select your timezone.
Stack Trace:
#0 /var/www/html/lib/Cake/Network/CakeResponse.php(1057): DateTime->__construct('2023-01-23 03:4...')
#1 /var/www/html/lib/Cake/Network/CakeResponse.php(961): CakeResponse->_getUTCDate(1674445282)
#2 /var/www/html/lib/Cake/Routing/Filter/AssetDispatcher.php(62): CakeResponse->modified(1674445282)
#3 [internal function]: AssetDispatcher->beforeDispatch(Object(CakeEvent))
#4 /var/www/html/lib/Cake/Event/CakeEventManager.php(247): call_user_func(Array, Object(CakeEvent))
#5 /var/www/html/lib/Cake/Routing/Dispatcher.php(140): CakeEventManager->dispatch(Object(CakeEvent))
#6 /var/www/html/app/webroot/index.php(97): Dispatcher->dispatch(Object(CakeRequest), Object(CakeResponse))
#7 {main}
2023-01-23 04:00:41 Error: [MissingControllerException] Controller class JsController could not be found.
Exception Attributes: array (
  'class' => 'JsController',
  'plugin' => NULL,
)
Request URL: /js/jquery-1.9.1.min.js
Stack Trace:
#0 /var/www/html/app/webroot/index.php(97): Dispatcher->dispatch(Object(CakeRequest), Object(CakeResponse))
#1 {main}
2023-01-23 05:39:21 Error: [MissingActionException] Action PlayerStatsController::img() could not be found.
Exception Attributes: array (
  'controller' => 'PlayerStatsController',
  'action' => 'img',
)
Request URL: /1/player_stats/img/background.gif
Stack Trace:
#0 /var/www/html/lib/Cake/Routing/Dispatcher.php(185): Controller->invokeAction(Object(CakeRequest))
#1 /var/www/html/lib/Cake/Routing/Dispatcher.php(160): Dispatcher->_invoke(Object(PlayerStatsController), Object(CakeRequest), Object(CakeResponse))
#2 /var/www/html/app/webroot/index.php(97): Dispatcher->dispatch(Object(CakeRequest), Object(CakeResponse))
#3 {main}
2023-01-23 05:40:31 Error: [MissingActionException] Action LeaguesController::img() could not be found.
Exception Attributes: array (
  'controller' => 'LeaguesController',
  'action' => 'img',
)
Request URL: /1/leagues/img/background.gif
Stack Trace:
#0 /var/www/html/lib/Cake/Routing/Dispatcher.php(185): Controller->invokeAction(Object(CakeRequest))
#1 /var/www/html/lib/Cake/Routing/Dispatcher.php(160): Dispatcher->_invoke(Object(LeaguesController), Object(CakeRequest), Object(CakeResponse))
#2 /var/www/html/app/webroot/index.php(97): Dispatcher->dispatch(Object(CakeRequest), Object(CakeResponse))
#3 {main}
2023-01-23 05:40:32 Error: [MissingActionException] Action LeaguesController::img() could not be found.
Exception Attributes: array (
  'controller' => 'LeaguesController',
  'action' => 'img',
)
Request URL: /1/leagues/img/loading.gif
Stack Trace:
#0 /var/www/html/lib/Cake/Routing/Dispatcher.php(185): Controller->invokeAction(Object(CakeRequest))
#1 /var/www/html/lib/Cake/Routing/Dispatcher.php(160): Dispatcher->_invoke(Object(LeaguesController), Object(CakeRequest), Object(CakeResponse))
#2 /var/www/html/app/webroot/index.php(97): Dispatcher->dispatch(Object(CakeRequest), Object(CakeResponse))
#3 {main}
2023-01-23 05:40:33 Error: [MissingActionException] Action LeaguesController::img() could not be found.
Exception Attributes: array (
  'controller' => 'LeaguesController',
  'action' => 'img',
)
Request URL: /1/leagues/img/sort_both.png
Stack Trace:
#0 /var/www/html/lib/Cake/Routing/Dispatcher.php(185): Controller->invokeAction(Object(CakeRequest))
#1 /var/www/html/lib/Cake/Routing/Dispatcher.php(160): Dispatcher->_invoke(Object(LeaguesController), Object(CakeRequest), Object(CakeResponse))
#2 /var/www/html/app/webroot/index.php(97): Dispatcher->dispatch(Object(CakeRequest), Object(CakeResponse))
#3 {main}
2023-01-23 05:40:35 Error: [MissingActionException] Action LeaguesController::img() could not be found.
Exception Attributes: array (
  'controller' => 'LeaguesController',
  'action' => 'img',
)
Request URL: /1/leagues/img/sort_desc.png
Stack Trace:
#0 /var/www/html/lib/Cake/Routing/Dispatcher.php(185): Controller->invokeAction(Object(CakeRequest))
#1 /var/www/html/lib/Cake/Routing/Dispatcher.php(160): Dispatcher->_invoke(Object(LeaguesController), Object(CakeRequest), Object(CakeResponse))
#2 /var/www/html/app/webroot/index.php(97): Dispatcher->dispatch(Object(CakeRequest), Object(CakeResponse))
#3 {main}
